<?xml version="1.0" encoding="UTF-8"?>
<testsuite name="Tester" tests="1" skipped="0" failures="0" errors="0" timestamp="2022-10-17T19:15:50" hostname="DESKTOP-PBO3O59" time="0.021">
  <properties/>
  <testcase name="testMethods()" classname="Tester" time="0.021"/>
  <system-out><![CDATA[]]></system-out>
  <system-err><![CDATA[]]></system-err>
</testsuite>
